<?xml version="1.0" encoding="UTF-8"?>
<!-- Generated by org.testng.reporters.JUnitReportReporter -->
<testsuite name="com.salsalabs.ignite.automation.suites.regression.MessageTopicTest" tests="1" time="81.894" ignored="0" failures="0" timestamp="21 серп. 2017 08:54:49 GMT" skipped="0" hostname="salsalabs7" errors="0">
  <testcase name="verifyMessageTopicCreationTest" time="81.894" classname="com.salsalabs.ignite.automation.suites.regression.MessageTopicTest"/>
</testsuite> <!-- com.salsalabs.ignite.automation.suites.regression.MessageTopicTest -->
