<?xml version="1.0" encoding="UTF-8"?>
<!-- Generated by org.testng.reporters.JUnitReportReporter -->
<testsuite name="com.salsalabs.ignite.automation.suites.regression.SocialMediaPagesTest" tests="1" time="107.450" ignored="0" failures="0" timestamp="23 серп. 2017 12:17:52 GMT" skipped="0" hostname="salsalabs7" errors="0">
  <testcase name="verifySocialMediaPagesInTheFollowUpElement" time="107.450" classname="com.salsalabs.ignite.automation.suites.regression.SocialMediaPagesTest"/>
</testsuite> <!-- com.salsalabs.ignite.automation.suites.regression.SocialMediaPagesTest -->
